Build started 5/16/2016 10:30:42 AM.
     1>Project "C:\Users\Dakota\Desktop\Local Workspace\DirectX11_Project\DirectX11_Project\DirectX11_Starter\Bullet\build\vs2010_dx11\OpenGLSupport.vcxproj" on node 4 (Build target(s)).
     1>ClCompile:
         C:\Program Files (x86)\Microsoft Visual Studio 14.0\VC\bin\CL.exe /c /I..\..\Demos\OpenGL /I..\..\src /I..\..\Glut /I"C:\Program Files (x86)\Visual Leak Detector\include" /Zi /nologo /W3 /WX- /Od /Oy- /D _CRT_SECURE_NO_WARNINGS /D _CRT_SECURE_NO_DEPRECATE /D _HAS_EXCEPTIONS=0 /D _MBCS /Gm- /RTC1 /MDd /GS /Gy /fp:fast /Zc:wchar_t /Zc:forScope /Zc:inline /GR- /Fo"obj\x32\Debug\OpenGLSupport\\" /Fd"..\..\lib\OpenGLSupport_vs2010_debug.pdb" /Gd /TP /analyze- /errorReport:prompt /MP ..\..\Demos\OpenGL\DemoApplication.cpp ..\..\Demos\OpenGL\GLDebugDrawer.cpp ..\..\Demos\OpenGL\GLDebugFont.cpp ..\..\Demos\OpenGL\GlutDemoApplication.cpp ..\..\Demos\OpenGL\GlutStuff.cpp ..\..\Demos\OpenGL\GL_DialogDynamicsWorld.cpp ..\..\Demos\OpenGL\GL_DialogWindow.cpp ..\..\Demos\OpenGL\GL_ShapeDrawer.cpp ..\..\Demos\OpenGL\GL_Simplex1to4.cpp ..\..\Demos\OpenGL\RenderTexture.cpp ..\..\Demos\OpenGL\stb_image.cpp ..\..\Demos\OpenGL\Win32AppMain.cpp ..\..\Demos\OpenGL\Win32DemoApplication.cpp
         DemoApplication.cpp
         GLDebugDrawer.cpp
         GLDebugFont.cpp
         GlutDemoApplication.cpp
         GlutStuff.cpp
         GL_DialogDynamicsWorld.cpp
         GL_DialogWindow.cpp
         GL_ShapeDrawer.cpp
         Note: including lib: glut32.lib
         
         Note: including lib: glut32.lib
         
         Note: including lib: glut32.lib
         
         Note: including lib: glut32.lib
         
         Note: including lib: glut32.lib
         
         Note: including lib: glut32.lib
         
         GL_Simplex1to4.cpp
         RenderTexture.cpp
         stb_image.cpp
         Win32AppMain.cpp
         Win32DemoApplication.cpp
         Note: including lib: glut32.lib
         
       Lib:
         C:\Program Files (x86)\Microsoft Visual Studio 14.0\VC\bin\Lib.exe /OUT:"..\..\lib\OpenGLSupport_vs2010_debug.lib" /LIBPATH:"C:\Program Files (x86)\Visual Leak Detector\lib\Win32" /NOLOGO /MACHINE:X86 obj\x32\Debug\OpenGLSupport\DemoApplication.obj
         obj\x32\Debug\OpenGLSupport\GLDebugDrawer.obj
         obj\x32\Debug\OpenGLSupport\GLDebugFont.obj
         obj\x32\Debug\OpenGLSupport\GlutDemoApplication.obj
         obj\x32\Debug\OpenGLSupport\GlutStuff.obj
         obj\x32\Debug\OpenGLSupport\GL_DialogDynamicsWorld.obj
         obj\x32\Debug\OpenGLSupport\GL_DialogWindow.obj
         obj\x32\Debug\OpenGLSupport\GL_ShapeDrawer.obj
         obj\x32\Debug\OpenGLSupport\GL_Simplex1to4.obj
         obj\x32\Debug\OpenGLSupport\RenderTexture.obj
         obj\x32\Debug\OpenGLSupport\stb_image.obj
         obj\x32\Debug\OpenGLSupport\Win32AppMain.obj
         obj\x32\Debug\OpenGLSupport\Win32DemoApplication.obj
         OpenGLSupport.vcxproj -> C:\Users\Dakota\Desktop\Local Workspace\DirectX11_Project\DirectX11_Project\DirectX11_Starter\Bullet\build\vs2010_dx11\..\..\lib\OpenGLSupport_vs2010_debug.lib
     1>Done Building Project "C:\Users\Dakota\Desktop\Local Workspace\DirectX11_Project\DirectX11_Project\DirectX11_Starter\Bullet\build\vs2010_dx11\OpenGLSupport.vcxproj" (Build target(s)).

Build succeeded.

Time Elapsed 00:00:02.18
