  btKinematicCharacterController.cpp
  btConeTwistConstraint.cpp
  btContactConstraint.cpp
  btFixedConstraint.cpp
  btGearConstraint.cpp
  btGeneric6DofConstraint.cpp
  btGeneric6DofSpringConstraint.cpp
  btHinge2Constraint.cpp
c:\users\ryan\documents\visual studio 2015\projects\directx11_project-skybox\directx11_project\directx11_starter\bullet\src\bulletdynamics\constraintsolver\btContactConstraint.h(25): warning C4359: 'btContactConstraint': Alignment specifier is less than actual alignment (128), and will be ignored. (compiling source file ..\..\src\BulletDynamics\ConstraintSolver\btContactConstraint.cpp)
..\..\src\BulletDynamics\ConstraintSolver\btConeTwistConstraint.cpp(866): warning C4244: '=': conversion from 'double' to 'btScalar', possible loss of data
..\..\src\BulletDynamics\ConstraintSolver\btConeTwistConstraint.cpp(911): warning C4244: '=': conversion from 'double' to 'float', possible loss of data
..\..\src\BulletDynamics\ConstraintSolver\btConeTwistConstraint.cpp(971): warning C4244: '=': conversion from 'double' to 'btScalar', possible loss of data
..\..\src\BulletDynamics\ConstraintSolver\btConeTwistConstraint.cpp(973): warning C4244: '=': conversion from 'double' to 'btScalar', possible loss of data
  btHingeConstraint.cpp
  btPoint2PointConstraint.cpp
  btSequentialImpulseConstraintSolver.cpp
  btSliderConstraint.cpp
  btSolve2LinearConstraint.cpp
  btTypedConstraint.cpp
  btUniversalConstraint.cpp
  btDiscreteDynamicsWorld.cpp
  btRigidBody.cpp
  btSimpleDynamicsWorld.cpp
  Bullet-C-API.cpp
  btMultiBody.cpp
  btMultiBodyConstraint.cpp
  btMultiBodyConstraintSolver.cpp
  btMultiBodyDynamicsWorld.cpp
  btMultiBodyJointLimitConstraint.cpp
  btMultiBodyJointMotor.cpp
C:\Users\Ryan\Documents\Visual Studio 2015\Projects\DirectX11_Project-Skybox\DirectX11_Project\DirectX11_Starter\Bullet\src\BulletDynamics/ConstraintSolver/btContactConstraint.h(25): warning C4359: 'btContactConstraint': Alignment specifier is less than actual alignment (128), and will be ignored. (compiling source file ..\..\src\BulletDynamics\Dynamics\btDiscreteDynamicsWorld.cpp)
  btMultiBodyPoint2Point.cpp
  btDantzigLCP.cpp
  btMLCPSolver.cpp
..\..\src\BulletDynamics\MLCPSolvers\btDantzigLCP.cpp(1567): warning C4473: 'printf' : not enough arguments passed for format string
  ..\..\src\BulletDynamics\MLCPSolvers\btDantzigLCP.cpp(1567): note: placeholders and their parameters expect 2 variadic arguments, but 1 were provided
  ..\..\src\BulletDynamics\MLCPSolvers\btDantzigLCP.cpp(1567): note: the missing variadic argument 2 is required by format string '% s'
  btRaycastVehicle.cpp
  btWheelInfo.cpp
C:\Users\Ryan\Documents\Visual Studio 2015\Projects\DirectX11_Project-Skybox\DirectX11_Project\DirectX11_Starter\Bullet\src\BulletDynamics/ConstraintSolver/btContactConstraint.h(25): warning C4359: 'btContactConstraint': Alignment specifier is less than actual alignment (128), and will be ignored. (compiling source file ..\..\src\BulletDynamics\Vehicle\btRaycastVehicle.cpp)
  BulletDynamics.vcxproj -> C:\Users\Ryan\Documents\Visual Studio 2015\Projects\DirectX11_Project-Skybox\DirectX11_Project\DirectX11_Starter\Bullet\build\vs2010_dx11\..\..\lib\BulletDynamics_vs2010_debug.lib
