Build started 4/4/2016 4:20:25 AM.
     1>Project "H:\Year 3\Spring Semester\Game Graphics Programming\Bullet Test\DirectX11_Project\DirectX11_Starter\Bullet\build\vs2010_dx11\App_HelloWorld.vcxproj" on node 2 (Build target(s)).
     1>ClCompile:
         C:\Program Files (x86)\Microsoft Visual Studio 14.0\VC\bin\CL.exe /c /I..\..\src /I..\..\Glut /Zi /nologo /W3 /WX- /Od /Oy- /D _CRT_SECURE_NO_WARNINGS /D _CRT_SECURE_NO_DEPRECATE /D _HAS_EXCEPTIONS=0 /D GLEW_STATIC /D _MBCS /Gm- /RTC1 /MTd /GS /Gy /fp:fast /Zc:wchar_t /Zc:forScope /Zc:inline /GR- /Fo"obj\x32\Debug\App_HelloWorld\\" /Fd"..\..\App_HelloWorld_vs2010_debug.pdb" /Gd /TP /analyze- /errorReport:prompt /MP ..\..\Demos\HelloWorld\HelloWorld.cpp
         HelloWorld.cpp
       ResourceCompile:
         C:\Program Files (x86)\Windows Kits\8.1\bin\x86\rc.exe /D _CRT_SECURE_NO_WARNINGS /D _CRT_SECURE_NO_DEPRECATE /D _HAS_EXCEPTIONS=0 /D GLEW_STATIC /l"0x0409" /I..\..\src /I..\..\Glut /nologo /fo"obj\x32\Debug\App_HelloWorld\bullet.res" ..\bullet.rc 
       Link:
         C:\Program Files (x86)\Microsoft Visual Studio 14.0\VC\bin\link.exe /ERRORREPORT:PROMPT /OUT:"..\..\App_HelloWorld_vs2010_debug.exe" /INCREMENTAL /NOLOGO /LIBPATH:..\..\Glut opengl32.lib glew32s.lib glut32.lib ..\..\lib\BulletDynamics_vs2010_debug.lib ..\..\lib\BulletCollision_vs2010_debug.lib ..\..\lib\LinearMath_vs2010_debug.lib kernel32.lib user32.lib gdi32.lib winspool.lib comdlg32.lib advapi32.lib shell32.lib ole32.lib oleaut32.lib uuid.lib odbc32.lib odbccp32.lib /MANIFEST /MANIFESTUAC:"level='asInvoker' uiAccess='false'" /manifest:embed /Debug /PDB:"..\..\App_HelloWorld_vs2010_debug.pdb" /SUBSYSTEM:CONSOLE /TLBID:1 /ENTRY:"mainCRTStartup" /DYNAMICBASE /NXCOMPAT /IMPLIB:"..\..\App_HelloWorld_vs2010_debug.lib" /MACHINE:X86 obj\x32\Debug\App_HelloWorld\bullet.res
         obj\x32\Debug\App_HelloWorld\HelloWorld.obj
         LINK : ..\..\App_HelloWorld_vs2010_debug.exe not found or not built by the last incremental link; performing full link
     1>BulletDynamics_vs2010_debug.lib(btDiscreteDynamicsWorld.obj) : error LNK2038: mismatch detected for 'RuntimeLibrary': value 'MDd_DynamicDebug' doesn't match value 'MTd_StaticDebug' in HelloWorld.obj
     1>BulletDynamics_vs2010_debug.lib(btRigidBody.obj) : error LNK2038: mismatch detected for 'RuntimeLibrary': value 'MDd_DynamicDebug' doesn't match value 'MTd_StaticDebug' in HelloWorld.obj
     1>BulletDynamics_vs2010_debug.lib(btSequentialImpulseConstraintSolver.obj) : error LNK2038: mismatch detected for 'RuntimeLibrary': value 'MDd_DynamicDebug' doesn't match value 'MTd_StaticDebug' in HelloWorld.obj
     1>BulletDynamics_vs2010_debug.lib(btTypedConstraint.obj) : error LNK2038: mismatch detected for 'RuntimeLibrary': value 'MDd_DynamicDebug' doesn't match value 'MTd_StaticDebug' in HelloWorld.obj
     1>BulletDynamics_vs2010_debug.lib(btConeTwistConstraint.obj) : error LNK2038: mismatch detected for 'RuntimeLibrary': value 'MDd_DynamicDebug' doesn't match value 'MTd_StaticDebug' in HelloWorld.obj
     1>BulletDynamics_vs2010_debug.lib(btGeneric6DofConstraint.obj) : error LNK2038: mismatch detected for 'RuntimeLibrary': value 'MDd_DynamicDebug' doesn't match value 'MTd_StaticDebug' in HelloWorld.obj
     1>BulletCollision_vs2010_debug.lib(btCollisionDispatcher.obj) : error LNK2038: mismatch detected for 'RuntimeLibrary': value 'MDd_DynamicDebug' doesn't match value 'MTd_StaticDebug' in HelloWorld.obj
     1>BulletCollision_vs2010_debug.lib(btCollisionShape.obj) : error LNK2038: mismatch detected for 'RuntimeLibrary': value 'MDd_DynamicDebug' doesn't match value 'MTd_StaticDebug' in HelloWorld.obj
     1>BulletCollision_vs2010_debug.lib(btConvexShape.obj) : error LNK2038: mismatch detected for 'RuntimeLibrary': value 'MDd_DynamicDebug' doesn't match value 'MTd_StaticDebug' in HelloWorld.obj
     1>BulletCollision_vs2010_debug.lib(btDefaultCollisionConfiguration.obj) : error LNK2038: mismatch detected for 'RuntimeLibrary': value 'MDd_DynamicDebug' doesn't match value 'MTd_StaticDebug' in HelloWorld.obj
     1>BulletCollision_vs2010_debug.lib(btDbvtBroadphase.obj) : error LNK2038: mismatch detected for 'RuntimeLibrary': value 'MDd_DynamicDebug' doesn't match value 'MTd_StaticDebug' in HelloWorld.obj
     1>BulletCollision_vs2010_debug.lib(btCollisionObject.obj) : error LNK2038: mismatch detected for 'RuntimeLibrary': value 'MDd_DynamicDebug' doesn't match value 'MTd_StaticDebug' in HelloWorld.obj
     1>BulletCollision_vs2010_debug.lib(btManifoldResult.obj) : error LNK2038: mismatch detected for 'RuntimeLibrary': value 'MDd_DynamicDebug' doesn't match value 'MTd_StaticDebug' in HelloWorld.obj
     1>BulletCollision_vs2010_debug.lib(btCollisionWorld.obj) : error LNK2038: mismatch detected for 'RuntimeLibrary': value 'MDd_DynamicDebug' doesn't match value 'MTd_StaticDebug' in HelloWorld.obj
     1>BulletCollision_vs2010_debug.lib(btSimulationIslandManager.obj) : error LNK2038: mismatch detected for 'RuntimeLibrary': value 'MDd_DynamicDebug' doesn't match value 'MTd_StaticDebug' in HelloWorld.obj
     1>BulletCollision_vs2010_debug.lib(btPolyhedralConvexShape.obj) : error LNK2038: mismatch detected for 'RuntimeLibrary': value 'MDd_DynamicDebug' doesn't match value 'MTd_StaticDebug' in HelloWorld.obj
     1>BulletCollision_vs2010_debug.lib(btConvexConvexAlgorithm.obj) : error LNK2038: mismatch detected for 'RuntimeLibrary': value 'MDd_DynamicDebug' doesn't match value 'MTd_StaticDebug' in HelloWorld.obj
     1>BulletCollision_vs2010_debug.lib(btEmptyCollisionAlgorithm.obj) : error LNK2038: mismatch detected for 'RuntimeLibrary': value 'MDd_DynamicDebug' doesn't match value 'MTd_StaticDebug' in HelloWorld.obj
     1>BulletCollision_vs2010_debug.lib(btConvexConcaveCollisionAlgorithm.obj) : error LNK2038: mismatch detected for 'RuntimeLibrary': value 'MDd_DynamicDebug' doesn't match value 'MTd_StaticDebug' in HelloWorld.obj
     1>BulletCollision_vs2010_debug.lib(btCompoundCollisionAlgorithm.obj) : error LNK2038: mismatch detected for 'RuntimeLibrary': value 'MDd_DynamicDebug' doesn't match value 'MTd_StaticDebug' in HelloWorld.obj
     1>BulletCollision_vs2010_debug.lib(btCompoundCompoundCollisionAlgorithm.obj) : error LNK2038: mismatch detected for 'RuntimeLibrary': value 'MDd_DynamicDebug' doesn't match value 'MTd_StaticDebug' in HelloWorld.obj
     1>BulletCollision_vs2010_debug.lib(btConvexPlaneCollisionAlgorithm.obj) : error LNK2038: mismatch detected for 'RuntimeLibrary': value 'MDd_DynamicDebug' doesn't match value 'MTd_StaticDebug' in HelloWorld.obj
     1>BulletCollision_vs2010_debug.lib(btBoxBoxCollisionAlgorithm.obj) : error LNK2038: mismatch detected for 'RuntimeLibrary': value 'MDd_DynamicDebug' doesn't match value 'MTd_StaticDebug' in HelloWorld.obj
     1>BulletCollision_vs2010_debug.lib(btSphereSphereCollisionAlgorithm.obj) : error LNK2038: mismatch detected for 'RuntimeLibrary': value 'MDd_DynamicDebug' doesn't match value 'MTd_StaticDebug' in HelloWorld.obj
     1>BulletCollision_vs2010_debug.lib(btSphereTriangleCollisionAlgorithm.obj) : error LNK2038: mismatch detected for 'RuntimeLibrary': value 'MDd_DynamicDebug' doesn't match value 'MTd_StaticDebug' in HelloWorld.obj
     1>BulletCollision_vs2010_debug.lib(btDbvt.obj) : error LNK2038: mismatch detected for 'RuntimeLibrary': value 'MDd_DynamicDebug' doesn't match value 'MTd_StaticDebug' in HelloWorld.obj
     1>BulletCollision_vs2010_debug.lib(btOverlappingPairCache.obj) : error LNK2038: mismatch detected for 'RuntimeLibrary': value 'MDd_DynamicDebug' doesn't match value 'MTd_StaticDebug' in HelloWorld.obj
     1>BulletCollision_vs2010_debug.lib(btBvhTriangleMeshShape.obj) : error LNK2038: mismatch detected for 'RuntimeLibrary': value 'MDd_DynamicDebug' doesn't match value 'MTd_StaticDebug' in HelloWorld.obj
     1>BulletCollision_vs2010_debug.lib(btUnionFind.obj) : error LNK2038: mismatch detected for 'RuntimeLibrary': value 'MDd_DynamicDebug' doesn't match value 'MTd_StaticDebug' in HelloWorld.obj
     1>BulletCollision_vs2010_debug.lib(btConvexPolyhedron.obj) : error LNK2038: mismatch detected for 'RuntimeLibrary': value 'MDd_DynamicDebug' doesn't match value 'MTd_StaticDebug' in HelloWorld.obj
     1>BulletCollision_vs2010_debug.lib(btActivatingCollisionAlgorithm.obj) : error LNK2038: mismatch detected for 'RuntimeLibrary': value 'MDd_DynamicDebug' doesn't match value 'MTd_StaticDebug' in HelloWorld.obj
     1>BulletCollision_vs2010_debug.lib(btPolyhedralContactClipping.obj) : error LNK2038: mismatch detected for 'RuntimeLibrary': value 'MDd_DynamicDebug' doesn't match value 'MTd_StaticDebug' in HelloWorld.obj
     1>BulletCollision_vs2010_debug.lib(btCollisionAlgorithm.obj) : error LNK2038: mismatch detected for 'RuntimeLibrary': value 'MDd_DynamicDebug' doesn't match value 'MTd_StaticDebug' in HelloWorld.obj
     1>BulletCollision_vs2010_debug.lib(btHashedSimplePairCache.obj) : error LNK2038: mismatch detected for 'RuntimeLibrary': value 'MDd_DynamicDebug' doesn't match value 'MTd_StaticDebug' in HelloWorld.obj
     1>BulletCollision_vs2010_debug.lib(btQuantizedBvh.obj) : error LNK2038: mismatch detected for 'RuntimeLibrary': value 'MDd_DynamicDebug' doesn't match value 'MTd_StaticDebug' in HelloWorld.obj
     1>BulletCollision_vs2010_debug.lib(btOptimizedBvh.obj) : error LNK2038: mismatch detected for 'RuntimeLibrary': value 'MDd_DynamicDebug' doesn't match value 'MTd_StaticDebug' in HelloWorld.obj
     1>LinearMath_vs2010_debug.lib(btQuickprof.obj) : error LNK2038: mismatch detected for 'RuntimeLibrary': value 'MDd_DynamicDebug' doesn't match value 'MTd_StaticDebug' in HelloWorld.obj
     1>LinearMath_vs2010_debug.lib(btConvexHullComputer.obj) : error LNK2038: mismatch detected for 'RuntimeLibrary': value 'MDd_DynamicDebug' doesn't match value 'MTd_StaticDebug' in HelloWorld.obj
     1>LinearMath_vs2010_debug.lib(btGeometryUtil.obj) : error LNK2038: mismatch detected for 'RuntimeLibrary': value 'MDd_DynamicDebug' doesn't match value 'MTd_StaticDebug' in HelloWorld.obj
     1>LINK : warning LNK4098: defaultlib 'MSVCRTD' conflicts with use of other libs; use /NODEFAULTLIB:library
     1>LinearMath_vs2010_debug.lib(btConvexHullComputer.obj) : warning LNK4049: locally defined symbol ___acrt_iob_func imported
     1>LinearMath_vs2010_debug.lib(btGeometryUtil.obj) : warning LNK4049: locally defined symbol ___acrt_iob_func imported
     1>BulletCollision_vs2010_debug.lib(btQuantizedBvh.obj) : warning LNK4049: locally defined symbol ___acrt_iob_func imported
     1>BulletCollision_vs2010_debug.lib(btOptimizedBvh.obj) : warning LNK4049: locally defined symbol ___acrt_iob_func imported
     1>BulletCollision_vs2010_debug.lib(btVoronoiSimplexSolver.obj) : warning LNK4049: locally defined symbol ___acrt_iob_func imported
     1>LinearMath_vs2010_debug.lib(btQuickprof.obj) : warning LNK4049: locally defined symbol ___acrt_iob_func imported
     1>BulletCollision_vs2010_debug.lib(btBoxBoxDetector.obj) : warning LNK4049: locally defined symbol ___acrt_iob_func imported
     1>BulletCollision_vs2010_debug.lib(SphereTriangleDetector.obj) : warning LNK4049: locally defined symbol ___acrt_iob_func imported
     1>BulletCollision_vs2010_debug.lib(btGjkEpa2.obj) : warning LNK4049: locally defined symbol ___acrt_iob_func imported
     1>BulletCollision_vs2010_debug.lib(btTriangleMeshShape.obj) : warning LNK4049: locally defined symbol ___acrt_iob_func imported
     1>BulletCollision_vs2010_debug.lib(btConvexPolyhedron.obj) : warning LNK4049: locally defined symbol ___acrt_iob_func imported
     1>BulletCollision_vs2010_debug.lib(btGjkPairDetector.obj) : warning LNK4049: locally defined symbol ___acrt_iob_func imported
     1>BulletCollision_vs2010_debug.lib(btPolyhedralContactClipping.obj) : warning LNK4049: locally defined symbol ___acrt_iob_func imported
     1>BulletCollision_vs2010_debug.lib(btHashedSimplePairCache.obj) : warning LNK4049: locally defined symbol ___acrt_iob_func imported
     1>BulletCollision_vs2010_debug.lib(btRaycastCallback.obj) : warning LNK4049: locally defined symbol ___acrt_iob_func imported
     1>BulletCollision_vs2010_debug.lib(btSubSimplexConvexCast.obj) : warning LNK4049: locally defined symbol ___acrt_iob_func imported
     1>BulletCollision_vs2010_debug.lib(btContinuousConvexCollision.obj) : warning LNK4049: locally defined symbol ___acrt_iob_func imported
     1>BulletCollision_vs2010_debug.lib(btUnionFind.obj) : warning LNK4049: locally defined symbol ___acrt_iob_func imported
     1>BulletCollision_vs2010_debug.lib(btSphereTriangleCollisionAlgorithm.obj) : warning LNK4049: locally defined symbol ___acrt_iob_func imported
     1>BulletCollision_vs2010_debug.lib(btDbvt.obj) : warning LNK4049: locally defined symbol ___acrt_iob_func imported
     1>BulletCollision_vs2010_debug.lib(btOverlappingPairCache.obj) : warning LNK4049: locally defined symbol ___acrt_iob_func imported
     1>BulletCollision_vs2010_debug.lib(btBvhTriangleMeshShape.obj) : warning LNK4049: locally defined symbol ___acrt_iob_func imported
     1>BulletCollision_vs2010_debug.lib(btCompoundCompoundCollisionAlgorithm.obj) : warning LNK4049: locally defined symbol ___acrt_iob_func imported
     1>BulletCollision_vs2010_debug.lib(btConvexPlaneCollisionAlgorithm.obj) : warning LNK4049: locally defined symbol ___acrt_iob_func imported
     1>BulletCollision_vs2010_debug.lib(btBoxBoxCollisionAlgorithm.obj) : warning LNK4049: locally defined symbol ___acrt_iob_func imported
     1>BulletCollision_vs2010_debug.lib(btSphereSphereCollisionAlgorithm.obj) : warning LNK4049: locally defined symbol ___acrt_iob_func imported
     1>BulletCollision_vs2010_debug.lib(btPolyhedralConvexShape.obj) : warning LNK4049: locally defined symbol ___acrt_iob_func imported
     1>BulletCollision_vs2010_debug.lib(btConvexConvexAlgorithm.obj) : warning LNK4049: locally defined symbol ___acrt_iob_func imported
     1>BulletCollision_vs2010_debug.lib(btConvexConcaveCollisionAlgorithm.obj) : warning LNK4049: locally defined symbol ___acrt_iob_func imported
     1>BulletCollision_vs2010_debug.lib(btCompoundCollisionAlgorithm.obj) : warning LNK4049: locally defined symbol ___acrt_iob_func imported
     1>BulletCollision_vs2010_debug.lib(btPersistentManifold.obj) : warning LNK4049: locally defined symbol ___acrt_iob_func imported
     1>BulletCollision_vs2010_debug.lib(btManifoldResult.obj) : warning LNK4049: locally defined symbol ___acrt_iob_func imported
     1>BulletCollision_vs2010_debug.lib(btCollisionWorld.obj) : warning LNK4049: locally defined symbol ___acrt_iob_func imported
     1>BulletCollision_vs2010_debug.lib(btSimulationIslandManager.obj) : warning LNK4049: locally defined symbol ___acrt_iob_func imported
     1>BulletCollision_vs2010_debug.lib(btConvexInternalShape.obj) : warning LNK4049: locally defined symbol ___acrt_iob_func imported
     1>BulletCollision_vs2010_debug.lib(btBoxShape.obj) : warning LNK4049: locally defined symbol ___acrt_iob_func imported
     1>BulletCollision_vs2010_debug.lib(btSphereShape.obj) : warning LNK4049: locally defined symbol ___acrt_iob_func imported
     1>BulletCollision_vs2010_debug.lib(btDbvtBroadphase.obj) : warning LNK4049: locally defined symbol ___acrt_iob_func imported
     1>BulletDynamics_vs2010_debug.lib(btConeTwistConstraint.obj) : warning LNK4049: locally defined symbol ___acrt_iob_func imported
     1>BulletDynamics_vs2010_debug.lib(btGeneric6DofConstraint.obj) : warning LNK4049: locally defined symbol ___acrt_iob_func imported
     1>BulletCollision_vs2010_debug.lib(btCollisionDispatcher.obj) : warning LNK4049: locally defined symbol ___acrt_iob_func imported
     1>BulletCollision_vs2010_debug.lib(btConvexShape.obj) : warning LNK4049: locally defined symbol ___acrt_iob_func imported
     1>BulletDynamics_vs2010_debug.lib(btDiscreteDynamicsWorld.obj) : warning LNK4217: locally defined symbol ___acrt_iob_func imported in function _printf
     1>BulletDynamics_vs2010_debug.lib(btRigidBody.obj) : warning LNK4049: locally defined symbol ___acrt_iob_func imported
     1>BulletDynamics_vs2010_debug.lib(btSequentialImpulseConstraintSolver.obj) : warning LNK4049: locally defined symbol ___acrt_iob_func imported
     1>BulletDynamics_vs2010_debug.lib(btTypedConstraint.obj) : warning LNK4049: locally defined symbol ___acrt_iob_func imported
     1>LinearMath_vs2010_debug.lib(btConvexHullComputer.obj) : warning LNK4049: locally defined symbol ___stdio_common_vfprintf imported
     1>LinearMath_vs2010_debug.lib(btGeometryUtil.obj) : warning LNK4049: locally defined symbol ___stdio_common_vfprintf imported
     1>BulletCollision_vs2010_debug.lib(btQuantizedBvh.obj) : warning LNK4049: locally defined symbol ___stdio_common_vfprintf imported
     1>BulletCollision_vs2010_debug.lib(btOptimizedBvh.obj) : warning LNK4049: locally defined symbol ___stdio_common_vfprintf imported
     1>BulletCollision_vs2010_debug.lib(btVoronoiSimplexSolver.obj) : warning LNK4049: locally defined symbol ___stdio_common_vfprintf imported
     1>LinearMath_vs2010_debug.lib(btQuickprof.obj) : warning LNK4049: locally defined symbol ___stdio_common_vfprintf imported
     1>BulletCollision_vs2010_debug.lib(btBoxBoxDetector.obj) : warning LNK4049: locally defined symbol ___stdio_common_vfprintf imported
     1>BulletCollision_vs2010_debug.lib(SphereTriangleDetector.obj) : warning LNK4049: locally defined symbol ___stdio_common_vfprintf imported
     1>BulletCollision_vs2010_debug.lib(btGjkEpa2.obj) : warning LNK4049: locally defined symbol ___stdio_common_vfprintf imported
     1>BulletCollision_vs2010_debug.lib(btTriangleMeshShape.obj) : warning LNK4049: locally defined symbol ___stdio_common_vfprintf imported
     1>BulletCollision_vs2010_debug.lib(btConvexPolyhedron.obj) : warning LNK4049: locally defined symbol ___stdio_common_vfprintf imported
     1>BulletCollision_vs2010_debug.lib(btGjkPairDetector.obj) : warning LNK4049: locally defined symbol ___stdio_common_vfprintf imported
     1>BulletCollision_vs2010_debug.lib(btPolyhedralContactClipping.obj) : warning LNK4049: locally defined symbol ___stdio_common_vfprintf imported
     1>BulletCollision_vs2010_debug.lib(btHashedSimplePairCache.obj) : warning LNK4049: locally defined symbol ___stdio_common_vfprintf imported
     1>BulletCollision_vs2010_debug.lib(btRaycastCallback.obj) : warning LNK4049: locally defined symbol ___stdio_common_vfprintf imported
     1>BulletCollision_vs2010_debug.lib(btSubSimplexConvexCast.obj) : warning LNK4049: locally defined symbol ___stdio_common_vfprintf imported
     1>BulletCollision_vs2010_debug.lib(btContinuousConvexCollision.obj) : warning LNK4049: locally defined symbol ___stdio_common_vfprintf imported
     1>BulletCollision_vs2010_debug.lib(btUnionFind.obj) : warning LNK4049: locally defined symbol ___stdio_common_vfprintf imported
     1>BulletCollision_vs2010_debug.lib(btSphereTriangleCollisionAlgorithm.obj) : warning LNK4049: locally defined symbol ___stdio_common_vfprintf imported
     1>BulletCollision_vs2010_debug.lib(btDbvt.obj) : warning LNK4049: locally defined symbol ___stdio_common_vfprintf imported
     1>BulletCollision_vs2010_debug.lib(btOverlappingPairCache.obj) : warning LNK4049: locally defined symbol ___stdio_common_vfprintf imported
     1>BulletCollision_vs2010_debug.lib(btBvhTriangleMeshShape.obj) : warning LNK4049: locally defined symbol ___stdio_common_vfprintf imported
     1>BulletCollision_vs2010_debug.lib(btCompoundCompoundCollisionAlgorithm.obj) : warning LNK4049: locally defined symbol ___stdio_common_vfprintf imported
     1>BulletCollision_vs2010_debug.lib(btConvexPlaneCollisionAlgorithm.obj) : warning LNK4049: locally defined symbol ___stdio_common_vfprintf imported
     1>BulletCollision_vs2010_debug.lib(btBoxBoxCollisionAlgorithm.obj) : warning LNK4049: locally defined symbol ___stdio_common_vfprintf imported
     1>BulletCollision_vs2010_debug.lib(btSphereSphereCollisionAlgorithm.obj) : warning LNK4049: locally defined symbol ___stdio_common_vfprintf imported
     1>BulletCollision_vs2010_debug.lib(btPolyhedralConvexShape.obj) : warning LNK4049: locally defined symbol ___stdio_common_vfprintf imported
     1>BulletCollision_vs2010_debug.lib(btConvexConvexAlgorithm.obj) : warning LNK4049: locally defined symbol ___stdio_common_vfprintf imported
     1>BulletCollision_vs2010_debug.lib(btConvexConcaveCollisionAlgorithm.obj) : warning LNK4049: locally defined symbol ___stdio_common_vfprintf imported
     1>BulletCollision_vs2010_debug.lib(btCompoundCollisionAlgorithm.obj) : warning LNK4049: locally defined symbol ___stdio_common_vfprintf imported
     1>BulletCollision_vs2010_debug.lib(btPersistentManifold.obj) : warning LNK4049: locally defined symbol ___stdio_common_vfprintf imported
     1>BulletCollision_vs2010_debug.lib(btManifoldResult.obj) : warning LNK4049: locally defined symbol ___stdio_common_vfprintf imported
     1>BulletCollision_vs2010_debug.lib(btCollisionWorld.obj) : warning LNK4049: locally defined symbol ___stdio_common_vfprintf imported
     1>BulletCollision_vs2010_debug.lib(btSimulationIslandManager.obj) : warning LNK4049: locally defined symbol ___stdio_common_vfprintf imported
     1>BulletCollision_vs2010_debug.lib(btConvexInternalShape.obj) : warning LNK4049: locally defined symbol ___stdio_common_vfprintf imported
     1>BulletCollision_vs2010_debug.lib(btBoxShape.obj) : warning LNK4049: locally defined symbol ___stdio_common_vfprintf imported
     1>BulletCollision_vs2010_debug.lib(btSphereShape.obj) : warning LNK4049: locally defined symbol ___stdio_common_vfprintf imported
     1>BulletCollision_vs2010_debug.lib(btDbvtBroadphase.obj) : warning LNK4049: locally defined symbol ___stdio_common_vfprintf imported
     1>BulletDynamics_vs2010_debug.lib(btConeTwistConstraint.obj) : warning LNK4049: locally defined symbol ___stdio_common_vfprintf imported
     1>BulletDynamics_vs2010_debug.lib(btGeneric6DofConstraint.obj) : warning LNK4049: locally defined symbol ___stdio_common_vfprintf imported
     1>BulletCollision_vs2010_debug.lib(btCollisionDispatcher.obj) : warning LNK4049: locally defined symbol ___stdio_common_vfprintf imported
     1>BulletCollision_vs2010_debug.lib(btConvexShape.obj) : warning LNK4049: locally defined symbol ___stdio_common_vfprintf imported
     1>BulletDynamics_vs2010_debug.lib(btDiscreteDynamicsWorld.obj) : warning LNK4217: locally defined symbol ___stdio_common_vfprintf imported in function __vfprintf_l
     1>BulletDynamics_vs2010_debug.lib(btRigidBody.obj) : warning LNK4049: locally defined symbol ___stdio_common_vfprintf imported
     1>BulletDynamics_vs2010_debug.lib(btSequentialImpulseConstraintSolver.obj) : warning LNK4049: locally defined symbol ___stdio_common_vfprintf imported
     1>BulletDynamics_vs2010_debug.lib(btTypedConstraint.obj) : warning LNK4049: locally defined symbol ___stdio_common_vfprintf imported
     1>LinearMath_vs2010_debug.lib(btAlignedAllocator.obj) : warning LNK4217: locally defined symbol _free imported in function "void __cdecl btFreeDefault(void *)" (?btFreeDefault@@YAXPAX@Z)
     1>LinearMath_vs2010_debug.lib(btAlignedAllocator.obj) : warning LNK4217: locally defined symbol _malloc imported in function "void * __cdecl btAllocDefault(unsigned int)" (?btAllocDefault@@YAPAXI@Z)
     1>MSVCRTD.lib(_chandler4gs_.obj) : error LNK2019: unresolved external symbol __except_handler4_common referenced in function __except_handler4
     1>..\..\App_HelloWorld_vs2010_debug.exe : fatal error LNK1120: 1 unresolved externals
     1>Done Building Project "H:\Year 3\Spring Semester\Game Graphics Programming\Bullet Test\DirectX11_Project\DirectX11_Starter\Bullet\build\vs2010_dx11\App_HelloWorld.vcxproj" (Build target(s)) -- FAILED.

Build FAILED.

Time Elapsed 00:00:38.41
