Build started 5/16/2016 5:33:27 PM.
     1>Project "C:\Users\Dakota\Desktop\DirectX11_Project\DirectX11_Project\DirectX11_Starter\Bullet\build\vs2010_dx11\BulletCollision.vcxproj" on node 2 (Build target(s)).
     1>ClCompile:
         C:\Program Files (x86)\Microsoft Visual Studio 14.0\VC\bin\CL.exe /c /I..\..\src /I"C:\Program Files (x86)\Visual Leak Detector\include" /Zi /nologo /W3 /WX- /Od /Oy- /D _CRT_SECURE_NO_WARNINGS /D _CRT_SECURE_NO_DEPRECATE /D _HAS_EXCEPTIONS=0 /D _MBCS /Gm- /RTC1 /MDd /GS /Gy /fp:fast /Zc:wchar_t /Zc:forScope /Zc:inline /GR- /Fo"obj\x32\Debug\BulletCollision\\" /Fd"..\..\lib\BulletCollision_vs2010_debug.pdb" /Gd /TP /analyze- /errorReport:prompt /MP ..\..\src\BulletCollision\BroadphaseCollision\btQuantizedBvh.cpp ..\..\src\BulletCollision\CollisionDispatch\btCollisionWorld.cpp ..\..\src\BulletCollision\CollisionDispatch\btCompoundCollisionAlgorithm.cpp ..\..\src\BulletCollision\CollisionDispatch\btCompoundCompoundCollisionAlgorithm.cpp ..\..\src\BulletCollision\CollisionDispatch\btConvex2dConvex2dAlgorithm.cpp ..\..\src\BulletCollision\CollisionDispatch\btConvexConcaveCollisionAlgorithm.cpp ..\..\src\BulletCollision\CollisionDispatch\btConvexConvexAlgorithm.cpp ..\..\src\BulletCollision\CollisionDispatch\btInternalEdgeUtility.cpp ..\..\src\BulletCollision\CollisionShapes\btOptimizedBvh.cpp ..\..\src\BulletCollision\Gimpact\btGImpactCollisionAlgorithm.cpp ..\..\src\BulletCollision\NarrowPhaseCollision\btContinuousConvexCollision.cpp ..\..\src\BulletCollision\NarrowPhaseCollision\btConvexCast.cpp ..\..\src\BulletCollision\NarrowPhaseCollision\btGjkConvexCast.cpp ..\..\src\BulletCollision\NarrowPhaseCollision\btMinkowskiPenetrationDepthSolver.cpp ..\..\src\BulletCollision\NarrowPhaseCollision\btRaycastCallback.cpp ..\..\src\BulletCollision\NarrowPhaseCollision\btSubSimplexConvexCast.cpp
         btQuantizedBvh.cpp
         btCollisionWorld.cpp
         btCompoundCollisionAlgorithm.cpp
         btCompoundCompoundCollisionAlgorithm.cpp
         btConvex2dConvex2dAlgorithm.cpp
         btConvexConcaveCollisionAlgorithm.cpp
         btConvexConvexAlgorithm.cpp
         btInternalEdgeUtility.cpp
         btOptimizedBvh.cpp
         btGImpactCollisionAlgorithm.cpp
         btContinuousConvexCollision.cpp
         btConvexCast.cpp
         btGjkConvexCast.cpp
         btMinkowskiPenetrationDepthSolver.cpp
         btRaycastCallback.cpp
         btSubSimplexConvexCast.cpp
       Lib:
         C:\Program Files (x86)\Microsoft Visual Studio 14.0\VC\bin\Lib.exe /OUT:"..\..\lib\BulletCollision_vs2010_debug.lib" /LIBPATH:"C:\Program Files (x86)\Visual Leak Detector\lib\Win32" /NOLOGO /MACHINE:X86 obj\x32\Debug\BulletCollision\btAxisSweep3.obj
         obj\x32\Debug\BulletCollision\btBroadphaseProxy.obj
         obj\x32\Debug\BulletCollision\btCollisionAlgorithm.obj
         obj\x32\Debug\BulletCollision\btDbvt.obj
         obj\x32\Debug\BulletCollision\btDbvtBroadphase.obj
         obj\x32\Debug\BulletCollision\btDispatcher.obj
         obj\x32\Debug\BulletCollision\btMultiSapBroadphase.obj
         obj\x32\Debug\BulletCollision\btOverlappingPairCache.obj
         obj\x32\Debug\BulletCollision\btQuantizedBvh.obj
         obj\x32\Debug\BulletCollision\btSimpleBroadphase.obj
         obj\x32\Debug\BulletCollision\btActivatingCollisionAlgorithm.obj
         obj\x32\Debug\BulletCollision\btBox2dBox2dCollisionAlgorithm.obj
         obj\x32\Debug\BulletCollision\btBoxBoxCollisionAlgorithm.obj
         obj\x32\Debug\BulletCollision\btBoxBoxDetector.obj
         obj\x32\Debug\BulletCollision\btCollisionDispatcher.obj
         obj\x32\Debug\BulletCollision\btCollisionObject.obj
         obj\x32\Debug\BulletCollision\btCollisionWorld.obj
         obj\x32\Debug\BulletCollision\btCompoundCollisionAlgorithm.obj
         obj\x32\Debug\BulletCollision\btCompoundCompoundCollisionAlgorithm.obj
         obj\x32\Debug\BulletCollision\btConvex2dConvex2dAlgorithm.obj
         obj\x32\Debug\BulletCollision\btConvexConcaveCollisionAlgorithm.obj
         obj\x32\Debug\BulletCollision\btConvexConvexAlgorithm.obj
         obj\x32\Debug\BulletCollision\btConvexPlaneCollisionAlgorithm.obj
         obj\x32\Debug\BulletCollision\btDefaultCollisionConfiguration.obj
         obj\x32\Debug\BulletCollision\btEmptyCollisionAlgorithm.obj
         obj\x32\Debug\BulletCollision\btGhostObject.obj
         obj\x32\Debug\BulletCollision\btHashedSimplePairCache.obj
         obj\x32\Debug\BulletCollision\btInternalEdgeUtility.obj
         obj\x32\Debug\BulletCollision\btManifoldResult.obj
         obj\x32\Debug\BulletCollision\btSimulationIslandManager.obj
         obj\x32\Debug\BulletCollision\btSphereBoxCollisionAlgorithm.obj
         obj\x32\Debug\BulletCollision\btSphereSphereCollisionAlgorithm.obj
         obj\x32\Debug\BulletCollision\btSphereTriangleCollisionAlgorithm.obj
         obj\x32\Debug\BulletCollision\btUnionFind.obj
         obj\x32\Debug\BulletCollision\SphereTriangleDetector.obj
         obj\x32\Debug\BulletCollision\btBox2dShape.obj
         obj\x32\Debug\BulletCollision\btBoxShape.obj
         obj\x32\Debug\BulletCollision\btBvhTriangleMeshShape.obj
         obj\x32\Debug\BulletCollision\btCapsuleShape.obj
         obj\x32\Debug\BulletCollision\btCollisionShape.obj
         obj\x32\Debug\BulletCollision\btCompoundShape.obj
         obj\x32\Debug\BulletCollision\btConcaveShape.obj
         obj\x32\Debug\BulletCollision\btConeShape.obj
         obj\x32\Debug\BulletCollision\btConvex2dShape.obj
         obj\x32\Debug\BulletCollision\btConvexHullShape.obj
         obj\x32\Debug\BulletCollision\btConvexInternalShape.obj
         obj\x32\Debug\BulletCollision\btConvexPointCloudShape.obj
         obj\x32\Debug\BulletCollision\btConvexPolyhedron.obj
         obj\x32\Debug\BulletCollision\btConvexShape.obj
         obj\x32\Debug\BulletCollision\btConvexTriangleMeshShape.obj
         obj\x32\Debug\BulletCollision\btCylinderShape.obj
         obj\x32\Debug\BulletCollision\btEmptyShape.obj
         obj\x32\Debug\BulletCollision\btHeightfieldTerrainShape.obj
         obj\x32\Debug\BulletCollision\btMinkowskiSumShape.obj
         obj\x32\Debug\BulletCollision\btMultimaterialTriangleMeshShape.obj
         obj\x32\Debug\BulletCollision\btMultiSphereShape.obj
         obj\x32\Debug\BulletCollision\btOptimizedBvh.obj
         obj\x32\Debug\BulletCollision\btPolyhedralConvexShape.obj
         obj\x32\Debug\BulletCollision\btScaledBvhTriangleMeshShape.obj
         obj\x32\Debug\BulletCollision\btShapeHull.obj
         obj\x32\Debug\BulletCollision\btSphereShape.obj
         obj\x32\Debug\BulletCollision\btStaticPlaneShape.obj
         obj\x32\Debug\BulletCollision\btStridingMeshInterface.obj
         obj\x32\Debug\BulletCollision\btTetrahedronShape.obj
         obj\x32\Debug\BulletCollision\btTriangleBuffer.obj
         obj\x32\Debug\BulletCollision\btTriangleCallback.obj
         obj\x32\Debug\BulletCollision\btTriangleIndexVertexArray.obj
         obj\x32\Debug\BulletCollision\btTriangleIndexVertexMaterialArray.obj
         obj\x32\Debug\BulletCollision\btTriangleMesh.obj
         obj\x32\Debug\BulletCollision\btTriangleMeshShape.obj
         obj\x32\Debug\BulletCollision\btUniformScalingShape.obj
         obj\x32\Debug\BulletCollision\btContactProcessing.obj
         obj\x32\Debug\BulletCollision\btGenericPoolAllocator.obj
         obj\x32\Debug\BulletCollision\btGImpactBvh.obj
         obj\x32\Debug\BulletCollision\btGImpactCollisionAlgorithm.obj
         obj\x32\Debug\BulletCollision\btGImpactQuantizedBvh.obj
         obj\x32\Debug\BulletCollision\btGImpactShape.obj
         obj\x32\Debug\BulletCollision\btTriangleShapeEx.obj
         obj\x32\Debug\BulletCollision\gim_box_set.obj
         obj\x32\Debug\BulletCollision\gim_contact.obj
         obj\x32\Debug\BulletCollision\gim_memory.obj
         obj\x32\Debug\BulletCollision\gim_tri_collision.obj
         obj\x32\Debug\BulletCollision\btContinuousConvexCollision.obj
         obj\x32\Debug\BulletCollision\btConvexCast.obj
         obj\x32\Debug\BulletCollision\btGjkConvexCast.obj
         obj\x32\Debug\BulletCollision\btGjkEpa2.obj
         obj\x32\Debug\BulletCollision\btGjkEpaPenetrationDepthSolver.obj
         obj\x32\Debug\BulletCollision\btGjkPairDetector.obj
         obj\x32\Debug\BulletCollision\btMinkowskiPenetrationDepthSolver.obj
         obj\x32\Debug\BulletCollision\btPersistentManifold.obj
         obj\x32\Debug\BulletCollision\btPolyhedralContactClipping.obj
         obj\x32\Debug\BulletCollision\btRaycastCallback.obj
         obj\x32\Debug\BulletCollision\btSubSimplexConvexCast.obj
         obj\x32\Debug\BulletCollision\btVoronoiSimplexSolver.obj
     1>btBroadphaseProxy.obj : warning LNK4221: This object file does not define any previously undefined public symbols, so it will not be used by any link operation that consumes this library
         BulletCollision.vcxproj -> C:\Users\Dakota\Desktop\DirectX11_Project\DirectX11_Project\DirectX11_Starter\Bullet\build\vs2010_dx11\..\..\lib\BulletCollision_vs2010_debug.lib
     1>Done Building Project "C:\Users\Dakota\Desktop\DirectX11_Project\DirectX11_Project\DirectX11_Starter\Bullet\build\vs2010_dx11\BulletCollision.vcxproj" (Build target(s)).

Build succeeded.

Time Elapsed 00:00:07.26
