Build started 4/4/2016 4:21:20 AM.
     1>Project "H:\Year 3\Spring Semester\Game Graphics Programming\Bullet Test\DirectX11_Project\DirectX11_Starter\Bullet\build\vs2010_dx11\App_CollisionDemo.vcxproj" on node 2 (Build target(s)).
     1>ClCompile:
         C:\Program Files (x86)\Microsoft Visual Studio 14.0\VC\bin\CL.exe /c /I..\..\src /I..\..\Demos\OpenGL /I..\..\Glut /Zi /nologo /W3 /WX- /Od /Oy- /D _CRT_SECURE_NO_WARNINGS /D _CRT_SECURE_NO_DEPRECATE /D _HAS_EXCEPTIONS=0 /D GLEW_STATIC /D _MBCS /Gm- /RTC1 /MTd /GS /Gy /fp:fast /Zc:wchar_t /Zc:forScope /Zc:inline /GR- /Fo"obj\x32\Debug\App_CollisionDemo\\" /Fd"..\..\App_CollisionDemo_vs2010_debug.pdb" /Gd /TP /analyze- /errorReport:prompt /MP ..\..\Demos\CollisionDemo\CollisionDemo.cpp
         CollisionDemo.cpp
         Note: including lib: glut32.lib
         
       ResourceCompile:
         C:\Program Files (x86)\Windows Kits\8.1\bin\x86\rc.exe /D _CRT_SECURE_NO_WARNINGS /D _CRT_SECURE_NO_DEPRECATE /D _HAS_EXCEPTIONS=0 /D GLEW_STATIC /l"0x0409" /I..\..\src /I..\..\Demos\OpenGL /I..\..\Glut /nologo /fo"obj\x32\Debug\App_CollisionDemo\bullet.res" ..\bullet.rc 
       Link:
         C:\Program Files (x86)\Microsoft Visual Studio 14.0\VC\bin\link.exe /ERRORREPORT:PROMPT /OUT:"..\..\App_CollisionDemo_vs2010_debug.exe" /INCREMENTAL /NOLOGO /LIBPATH:..\..\Glut opengl32.lib glew32s.lib glut32.lib ..\..\lib\OpenGLSupport_vs2010_debug.lib ..\..\lib\BulletDynamics_vs2010_debug.lib ..\..\lib\BulletCollision_vs2010_debug.lib ..\..\lib\LinearMath_vs2010_debug.lib kernel32.lib user32.lib gdi32.lib winspool.lib comdlg32.lib advapi32.lib shell32.lib ole32.lib oleaut32.lib uuid.lib odbc32.lib odbccp32.lib /MANIFEST /MANIFESTUAC:"level='asInvoker' uiAccess='false'" /manifest:embed /Debug /PDB:"..\..\App_CollisionDemo_vs2010_debug.pdb" /SUBSYSTEM:CONSOLE /TLBID:1 /ENTRY:"mainCRTStartup" /DYNAMICBASE /NXCOMPAT /IMPLIB:"..\..\App_CollisionDemo_vs2010_debug.lib" /MACHINE:X86 obj\x32\Debug\App_CollisionDemo\bullet.res
         obj\x32\Debug\App_CollisionDemo\CollisionDemo.obj
     1>BulletDynamics_vs2010_debug.lib(btRigidBody.obj) : error LNK2038: mismatch detected for 'RuntimeLibrary': value 'MDd_DynamicDebug' doesn't match value 'MTd_StaticDebug' in CollisionDemo.obj
     1>BulletDynamics_vs2010_debug.lib(btPoint2PointConstraint.obj) : error LNK2038: mismatch detected for 'RuntimeLibrary': value 'MDd_DynamicDebug' doesn't match value 'MTd_StaticDebug' in CollisionDemo.obj
     1>BulletDynamics_vs2010_debug.lib(btGeneric6DofConstraint.obj) : error LNK2038: mismatch detected for 'RuntimeLibrary': value 'MDd_DynamicDebug' doesn't match value 'MTd_StaticDebug' in CollisionDemo.obj
     1>BulletDynamics_vs2010_debug.lib(btDiscreteDynamicsWorld.obj) : error LNK2038: mismatch detected for 'RuntimeLibrary': value 'MDd_DynamicDebug' doesn't match value 'MTd_StaticDebug' in CollisionDemo.obj
     1>BulletDynamics_vs2010_debug.lib(btTypedConstraint.obj) : error LNK2038: mismatch detected for 'RuntimeLibrary': value 'MDd_DynamicDebug' doesn't match value 'MTd_StaticDebug' in CollisionDemo.obj
     1>BulletDynamics_vs2010_debug.lib(btSequentialImpulseConstraintSolver.obj) : error LNK2038: mismatch detected for 'RuntimeLibrary': value 'MDd_DynamicDebug' doesn't match value 'MTd_StaticDebug' in CollisionDemo.obj
     1>BulletDynamics_vs2010_debug.lib(btConeTwistConstraint.obj) : error LNK2038: mismatch detected for 'RuntimeLibrary': value 'MDd_DynamicDebug' doesn't match value 'MTd_StaticDebug' in CollisionDemo.obj
     1>BulletCollision_vs2010_debug.lib(btCollisionShape.obj) : error LNK2038: mismatch detected for 'RuntimeLibrary': value 'MDd_DynamicDebug' doesn't match value 'MTd_StaticDebug' in CollisionDemo.obj
     1>BulletCollision_vs2010_debug.lib(btConvexShape.obj) : error LNK2038: mismatch detected for 'RuntimeLibrary': value 'MDd_DynamicDebug' doesn't match value 'MTd_StaticDebug' in CollisionDemo.obj
     1>BulletCollision_vs2010_debug.lib(btPolyhedralConvexShape.obj) : error LNK2038: mismatch detected for 'RuntimeLibrary': value 'MDd_DynamicDebug' doesn't match value 'MTd_StaticDebug' in CollisionDemo.obj
     1>BulletCollision_vs2010_debug.lib(btShapeHull.obj) : error LNK2038: mismatch detected for 'RuntimeLibrary': value 'MDd_DynamicDebug' doesn't match value 'MTd_StaticDebug' in CollisionDemo.obj
     1>BulletCollision_vs2010_debug.lib(btCollisionObject.obj) : error LNK2038: mismatch detected for 'RuntimeLibrary': value 'MDd_DynamicDebug' doesn't match value 'MTd_StaticDebug' in CollisionDemo.obj
     1>BulletCollision_vs2010_debug.lib(btManifoldResult.obj) : error LNK2038: mismatch detected for 'RuntimeLibrary': value 'MDd_DynamicDebug' doesn't match value 'MTd_StaticDebug' in CollisionDemo.obj
     1>BulletCollision_vs2010_debug.lib(btCollisionWorld.obj) : error LNK2038: mismatch detected for 'RuntimeLibrary': value 'MDd_DynamicDebug' doesn't match value 'MTd_StaticDebug' in CollisionDemo.obj
     1>BulletCollision_vs2010_debug.lib(btSimulationIslandManager.obj) : error LNK2038: mismatch detected for 'RuntimeLibrary': value 'MDd_DynamicDebug' doesn't match value 'MTd_StaticDebug' in CollisionDemo.obj
     1>BulletCollision_vs2010_debug.lib(btConvexPolyhedron.obj) : error LNK2038: mismatch detected for 'RuntimeLibrary': value 'MDd_DynamicDebug' doesn't match value 'MTd_StaticDebug' in CollisionDemo.obj
     1>BulletCollision_vs2010_debug.lib(btBvhTriangleMeshShape.obj) : error LNK2038: mismatch detected for 'RuntimeLibrary': value 'MDd_DynamicDebug' doesn't match value 'MTd_StaticDebug' in CollisionDemo.obj
     1>BulletCollision_vs2010_debug.lib(btUnionFind.obj) : error LNK2038: mismatch detected for 'RuntimeLibrary': value 'MDd_DynamicDebug' doesn't match value 'MTd_StaticDebug' in CollisionDemo.obj
     1>BulletCollision_vs2010_debug.lib(btQuantizedBvh.obj) : error LNK2038: mismatch detected for 'RuntimeLibrary': value 'MDd_DynamicDebug' doesn't match value 'MTd_StaticDebug' in CollisionDemo.obj
     1>BulletCollision_vs2010_debug.lib(btOptimizedBvh.obj) : error LNK2038: mismatch detected for 'RuntimeLibrary': value 'MDd_DynamicDebug' doesn't match value 'MTd_StaticDebug' in CollisionDemo.obj
     1>LinearMath_vs2010_debug.lib(btQuickprof.obj) : error LNK2038: mismatch detected for 'RuntimeLibrary': value 'MDd_DynamicDebug' doesn't match value 'MTd_StaticDebug' in CollisionDemo.obj
     1>LinearMath_vs2010_debug.lib(btConvexHullComputer.obj) : error LNK2038: mismatch detected for 'RuntimeLibrary': value 'MDd_DynamicDebug' doesn't match value 'MTd_StaticDebug' in CollisionDemo.obj
     1>LinearMath_vs2010_debug.lib(btGeometryUtil.obj) : error LNK2038: mismatch detected for 'RuntimeLibrary': value 'MDd_DynamicDebug' doesn't match value 'MTd_StaticDebug' in CollisionDemo.obj
     1>LinearMath_vs2010_debug.lib(btConvexHull.obj) : error LNK2038: mismatch detected for 'RuntimeLibrary': value 'MDd_DynamicDebug' doesn't match value 'MTd_StaticDebug' in CollisionDemo.obj
     1>LINK : warning LNK4098: defaultlib 'MSVCRTD' conflicts with use of other libs; use /NODEFAULTLIB:library
     1>LinearMath_vs2010_debug.lib(btGeometryUtil.obj) : warning LNK4049: locally defined symbol ___acrt_iob_func imported
     1>LinearMath_vs2010_debug.lib(btConvexHull.obj) : warning LNK4049: locally defined symbol ___acrt_iob_func imported
     1>BulletCollision_vs2010_debug.lib(btQuantizedBvh.obj) : warning LNK4217: locally defined symbol ___acrt_iob_func imported in function "public: virtual void * __thiscall btQuantizedBvh::`scalar deleting destructor'(unsigned int)" (??_GbtQuantizedBvh@@UAEPAXI@Z)
     1>BulletCollision_vs2010_debug.lib(btOptimizedBvh.obj) : warning LNK4217: locally defined symbol ___acrt_iob_func imported in function "public: void __thiscall btOptimizedBvh::build(class btStridingMeshInterface *,bool,class btVector3 const &,class btVector3 const &)" (?build@btOptimizedBvh@@QAEXPAVbtStridingMeshInterface@@_NABVbtVector3@@2@Z)
     1>LinearMath_vs2010_debug.lib(btQuickprof.obj) : warning LNK4049: locally defined symbol ___acrt_iob_func imported
     1>LinearMath_vs2010_debug.lib(btConvexHullComputer.obj) : warning LNK4049: locally defined symbol ___acrt_iob_func imported
     1>BulletCollision_vs2010_debug.lib(btSubSimplexConvexCast.obj) : warning LNK4049: locally defined symbol ___acrt_iob_func imported
     1>BulletCollision_vs2010_debug.lib(btContinuousConvexCollision.obj) : warning LNK4217: locally defined symbol ___acrt_iob_func imported in function "public: static void __cdecl btTransformUtil::integrateTransform(class btTransform const &,class btVector3 const &,class btVector3 const &,float,class btTransform &)" (?integrateTransform@btTransformUtil@@SAXABVbtTransform@@ABVbtVector3@@1MAAV2@@Z)
     1>BulletCollision_vs2010_debug.lib(btUnionFind.obj) : warning LNK4049: locally defined symbol ___acrt_iob_func imported
     1>BulletCollision_vs2010_debug.lib(btTriangleMeshShape.obj) : warning LNK4049: locally defined symbol ___acrt_iob_func imported
     1>BulletCollision_vs2010_debug.lib(btGjkEpa2.obj) : warning LNK4217: locally defined symbol ___acrt_iob_func imported in function "public: enum gjkepa2_impl::GJK::eStatus::_ __thiscall gjkepa2_impl::GJK::Evaluate(struct gjkepa2_impl::MinkowskiDiff const &,class btVector3 const &)" (?Evaluate@GJK@gjkepa2_impl@@QAE?AW4_@eStatus@12@ABUMinkowskiDiff@2@ABVbtVector3@@@Z)
     1>BulletCollision_vs2010_debug.lib(btConvexPolyhedron.obj) : warning LNK4217: locally defined symbol ___acrt_iob_func imported in function "public: void __thiscall btAlignedObjectArray<class btVector3>::clear(void)" (?clear@?$btAlignedObjectArray@VbtVector3@@@@QAEXXZ)
     1>BulletCollision_vs2010_debug.lib(btBvhTriangleMeshShape.obj) : warning LNK4049: locally defined symbol ___acrt_iob_func imported
     1>BulletCollision_vs2010_debug.lib(btRaycastCallback.obj) : warning LNK4049: locally defined symbol ___acrt_iob_func imported
     1>BulletCollision_vs2010_debug.lib(btPersistentManifold.obj) : warning LNK4049: locally defined symbol ___acrt_iob_func imported
     1>BulletCollision_vs2010_debug.lib(btManifoldResult.obj) : warning LNK4049: locally defined symbol ___acrt_iob_func imported
     1>BulletCollision_vs2010_debug.lib(btCollisionWorld.obj) : warning LNK4049: locally defined symbol ___acrt_iob_func imported
     1>BulletCollision_vs2010_debug.lib(btSimulationIslandManager.obj) : warning LNK4049: locally defined symbol ___acrt_iob_func imported
     1>BulletCollision_vs2010_debug.lib(btPolyhedralConvexShape.obj) : warning LNK4049: locally defined symbol ___acrt_iob_func imported
     1>BulletCollision_vs2010_debug.lib(btTetrahedronShape.obj) : warning LNK4049: locally defined symbol ___acrt_iob_func imported
     1>BulletCollision_vs2010_debug.lib(btShapeHull.obj) : warning LNK4049: locally defined symbol ___acrt_iob_func imported
     1>BulletCollision_vs2010_debug.lib(btSphereShape.obj) : warning LNK4049: locally defined symbol ___acrt_iob_func imported
     1>BulletCollision_vs2010_debug.lib(btBoxShape.obj) : warning LNK4049: locally defined symbol ___acrt_iob_func imported
     1>BulletCollision_vs2010_debug.lib(btGjkPairDetector.obj) : warning LNK4049: locally defined symbol ___acrt_iob_func imported
     1>BulletCollision_vs2010_debug.lib(btConvexShape.obj) : warning LNK4049: locally defined symbol ___acrt_iob_func imported
     1>BulletCollision_vs2010_debug.lib(btConvexInternalShape.obj) : warning LNK4049: locally defined symbol ___acrt_iob_func imported
     1>BulletDynamics_vs2010_debug.lib(btTypedConstraint.obj) : warning LNK4049: locally defined symbol ___acrt_iob_func imported
     1>BulletDynamics_vs2010_debug.lib(btSequentialImpulseConstraintSolver.obj) : warning LNK4049: locally defined symbol ___acrt_iob_func imported
     1>BulletDynamics_vs2010_debug.lib(btConeTwistConstraint.obj) : warning LNK4049: locally defined symbol ___acrt_iob_func imported
     1>BulletCollision_vs2010_debug.lib(btVoronoiSimplexSolver.obj) : warning LNK4049: locally defined symbol ___acrt_iob_func imported
     1>BulletDynamics_vs2010_debug.lib(btRigidBody.obj) : warning LNK4217: locally defined symbol ___acrt_iob_func imported in function _printf
     1>BulletDynamics_vs2010_debug.lib(btPoint2PointConstraint.obj) : warning LNK4049: locally defined symbol ___acrt_iob_func imported
     1>BulletDynamics_vs2010_debug.lib(btGeneric6DofConstraint.obj) : warning LNK4049: locally defined symbol ___acrt_iob_func imported
     1>BulletDynamics_vs2010_debug.lib(btDiscreteDynamicsWorld.obj) : warning LNK4049: locally defined symbol ___acrt_iob_func imported
     1>LinearMath_vs2010_debug.lib(btGeometryUtil.obj) : warning LNK4049: locally defined symbol ___stdio_common_vfprintf imported
     1>LinearMath_vs2010_debug.lib(btConvexHull.obj) : warning LNK4049: locally defined symbol ___stdio_common_vfprintf imported
     1>BulletCollision_vs2010_debug.lib(btQuantizedBvh.obj) : warning LNK4049: locally defined symbol ___stdio_common_vfprintf imported
     1>BulletCollision_vs2010_debug.lib(btOptimizedBvh.obj) : warning LNK4049: locally defined symbol ___stdio_common_vfprintf imported
     1>LinearMath_vs2010_debug.lib(btQuickprof.obj) : warning LNK4049: locally defined symbol ___stdio_common_vfprintf imported
     1>LinearMath_vs2010_debug.lib(btConvexHullComputer.obj) : warning LNK4049: locally defined symbol ___stdio_common_vfprintf imported
     1>BulletCollision_vs2010_debug.lib(btSubSimplexConvexCast.obj) : warning LNK4049: locally defined symbol ___stdio_common_vfprintf imported
     1>BulletCollision_vs2010_debug.lib(btContinuousConvexCollision.obj) : warning LNK4217: locally defined symbol ___stdio_common_vfprintf imported in function "public: static void __cdecl btTransformUtil::integrateTransform(class btTransform const &,class btVector3 const &,class btVector3 const &,float,class btTransform &)" (?integrateTransform@btTransformUtil@@SAXABVbtTransform@@ABVbtVector3@@1MAAV2@@Z)
     1>BulletCollision_vs2010_debug.lib(btUnionFind.obj) : warning LNK4049: locally defined symbol ___stdio_common_vfprintf imported
     1>BulletCollision_vs2010_debug.lib(btTriangleMeshShape.obj) : warning LNK4049: locally defined symbol ___stdio_common_vfprintf imported
     1>BulletCollision_vs2010_debug.lib(btGjkEpa2.obj) : warning LNK4217: locally defined symbol ___stdio_common_vfprintf imported in function "public: enum gjkepa2_impl::GJK::eStatus::_ __thiscall gjkepa2_impl::GJK::Evaluate(struct gjkepa2_impl::MinkowskiDiff const &,class btVector3 const &)" (?Evaluate@GJK@gjkepa2_impl@@QAE?AW4_@eStatus@12@ABUMinkowskiDiff@2@ABVbtVector3@@@Z)
     1>BulletCollision_vs2010_debug.lib(btConvexPolyhedron.obj) : warning LNK4049: locally defined symbol ___stdio_common_vfprintf imported
     1>BulletCollision_vs2010_debug.lib(btBvhTriangleMeshShape.obj) : warning LNK4049: locally defined symbol ___stdio_common_vfprintf imported
     1>BulletCollision_vs2010_debug.lib(btRaycastCallback.obj) : warning LNK4049: locally defined symbol ___stdio_common_vfprintf imported
     1>BulletCollision_vs2010_debug.lib(btPersistentManifold.obj) : warning LNK4049: locally defined symbol ___stdio_common_vfprintf imported
     1>BulletCollision_vs2010_debug.lib(btManifoldResult.obj) : warning LNK4049: locally defined symbol ___stdio_common_vfprintf imported
     1>BulletCollision_vs2010_debug.lib(btCollisionWorld.obj) : warning LNK4049: locally defined symbol ___stdio_common_vfprintf imported
     1>BulletCollision_vs2010_debug.lib(btSimulationIslandManager.obj) : warning LNK4049: locally defined symbol ___stdio_common_vfprintf imported
     1>BulletCollision_vs2010_debug.lib(btPolyhedralConvexShape.obj) : warning LNK4049: locally defined symbol ___stdio_common_vfprintf imported
     1>BulletCollision_vs2010_debug.lib(btTetrahedronShape.obj) : warning LNK4049: locally defined symbol ___stdio_common_vfprintf imported
     1>BulletCollision_vs2010_debug.lib(btShapeHull.obj) : warning LNK4049: locally defined symbol ___stdio_common_vfprintf imported
     1>BulletCollision_vs2010_debug.lib(btSphereShape.obj) : warning LNK4049: locally defined symbol ___stdio_common_vfprintf imported
     1>BulletCollision_vs2010_debug.lib(btBoxShape.obj) : warning LNK4049: locally defined symbol ___stdio_common_vfprintf imported
     1>BulletCollision_vs2010_debug.lib(btGjkPairDetector.obj) : warning LNK4049: locally defined symbol ___stdio_common_vfprintf imported
     1>BulletCollision_vs2010_debug.lib(btConvexShape.obj) : warning LNK4049: locally defined symbol ___stdio_common_vfprintf imported
     1>BulletCollision_vs2010_debug.lib(btConvexInternalShape.obj) : warning LNK4049: locally defined symbol ___stdio_common_vfprintf imported
     1>BulletDynamics_vs2010_debug.lib(btTypedConstraint.obj) : warning LNK4049: locally defined symbol ___stdio_common_vfprintf imported
     1>BulletDynamics_vs2010_debug.lib(btSequentialImpulseConstraintSolver.obj) : warning LNK4049: locally defined symbol ___stdio_common_vfprintf imported
     1>BulletDynamics_vs2010_debug.lib(btConeTwistConstraint.obj) : warning LNK4049: locally defined symbol ___stdio_common_vfprintf imported
     1>BulletCollision_vs2010_debug.lib(btVoronoiSimplexSolver.obj) : warning LNK4049: locally defined symbol ___stdio_common_vfprintf imported
     1>BulletDynamics_vs2010_debug.lib(btRigidBody.obj) : warning LNK4217: locally defined symbol ___stdio_common_vfprintf imported in function __vfprintf_l
     1>BulletDynamics_vs2010_debug.lib(btPoint2PointConstraint.obj) : warning LNK4049: locally defined symbol ___stdio_common_vfprintf imported
     1>BulletDynamics_vs2010_debug.lib(btGeneric6DofConstraint.obj) : warning LNK4217: locally defined symbol ___stdio_common_vfprintf imported in function "public: __thiscall btGeneric6DofConstraint::btGeneric6DofConstraint(class btRigidBody &,class btRigidBody &,class btTransform const &,class btTransform const &,bool)" (??0btGeneric6DofConstraint@@QAE@AAVbtRigidBody@@0ABVbtTransform@@1_N@Z)
     1>BulletDynamics_vs2010_debug.lib(btDiscreteDynamicsWorld.obj) : warning LNK4049: locally defined symbol ___stdio_common_vfprintf imported
     1>LinearMath_vs2010_debug.lib(btAlignedAllocator.obj) : warning LNK4217: locally defined symbol _free imported in function "void __cdecl btFreeDefault(void *)" (?btFreeDefault@@YAXPAX@Z)
     1>LinearMath_vs2010_debug.lib(btAlignedAllocator.obj) : warning LNK4217: locally defined symbol _malloc imported in function "void * __cdecl btAllocDefault(unsigned int)" (?btAllocDefault@@YAPAXI@Z)
     1>MSVCRTD.lib(_chandler4gs_.obj) : error LNK2019: unresolved external symbol __except_handler4_common referenced in function __except_handler4
     1>..\..\App_CollisionDemo_vs2010_debug.exe : fatal error LNK1120: 1 unresolved externals
     1>Done Building Project "H:\Year 3\Spring Semester\Game Graphics Programming\Bullet Test\DirectX11_Project\DirectX11_Starter\Bullet\build\vs2010_dx11\App_CollisionDemo.vcxproj" (Build target(s)) -- FAILED.

Build FAILED.

Time Elapsed 00:00:02.56
